<?xml version="1.0" encoding="UTF-8"?>
<!-- Generated by org.testng.reporters.JUnitXMLReporter -->
<testsuite ignored="1" hostname="DESKTOP-LKT9H3I" failures="0" tests="1" name="Test" time="73.413" errors="0" timestamp="2023-08-11T18:13:07 IST">
  <testcase classname="Practice.CreateContactWithOrganizationTest" name="CreateContactWithOrgTest" time="47.057"/>
  <testcase classname="Practice.CreateContactWithOrganizationTest" name="creat" time="0.0">
    <ignored/>
  </testcase> <!-- creat -->
</testsuite> <!-- Test -->
