<?xml version="1.0" encoding="UTF-8"?>
<testng-results ignored="0" total="1" passed="1" failed="0" skipped="0">
  <reporter-output>
  </reporter-output>
  <suite started-at="2023-08-23T11:06:53 IST" name="Suite" finished-at="2023-08-23T11:07:18 IST" duration-ms="25041">
    <groups>
      <group name="Regresssion">
        <method signature="CreateVtigerScenarioWithDDT_GUTest.cteateVtigerScenarioTest()[pri:0, instance:Practice.CreateVtigerScenarioWithDDT_GUTest@d737b89]" name="cteateVtigerScenarioTest" class="Practice.CreateVtigerScenarioWithDDT_GUTest"/>
      </group> <!-- Regresssion -->
    </groups>
    <test started-at="2023-08-23T11:06:53 IST" name="Test" finished-at="2023-08-23T11:07:18 IST" duration-ms="25041">
      <class name="Practice.CreateVtigerScenarioWithDDT_GUTest">
        <test-method is-config="true" signature="BeforeSuiteConfiguration()[pri:0, instance:Practice.CreateVtigerScenarioWithDDT_GUTest@d737b89]" started-at="2023-08-23T11:06:53 IST" name="BeforeSuiteConfiguration" finished-at="2023-08-23T11:06:53 IST" duration-ms="14" status="PASS">
          <reporter-output>
          </reporter-output>
        </test-method> <!-- BeforeSuiteConfiguration -->
        <test-method is-config="true" signature="BeforeClassConfig()[pri:0, instance:Practice.CreateVtigerScenarioWithDDT_GUTest@d737b89]" started-at="2023-08-23T11:06:53 IST" name="BeforeClassConfig" finished-at="2023-08-23T11:06:59 IST" duration-ms="5407" status="PASS">
          <reporter-output>
          </reporter-output>
        </test-method> <!-- BeforeClassConfig -->
        <test-method is-config="true" signature="BeforeMethodConfiguration()[pri:0, instance:Practice.CreateVtigerScenarioWithDDT_GUTest@d737b89]" started-at="2023-08-23T11:06:59 IST" name="BeforeMethodConfiguration" finished-at="2023-08-23T11:07:01 IST" duration-ms="2186" status="PASS">
          <reporter-output>
          </reporter-output>
        </test-method> <!-- BeforeMethodConfiguration -->
        <test-method signature="cteateVtigerScenarioTest()[pri:0, instance:Practice.CreateVtigerScenarioWithDDT_GUTest@d737b89]" started-at="2023-08-23T11:07:01 IST" name="cteateVtigerScenarioTest" finished-at="2023-08-23T11:07:16 IST" duration-ms="14569" status="PASS">
          <reporter-output>
          </reporter-output>
        </test-method> <!-- cteateVtigerScenarioTest -->
        <test-method is-config="true" signature="AfterMethodCongiguration()[pri:0, instance:Practice.CreateVtigerScenarioWithDDT_GUTest@d737b89]" started-at="2023-08-23T11:07:16 IST" name="AfterMethodCongiguration" finished-at="2023-08-23T11:07:18 IST" duration-ms="2543" status="PASS">
          <reporter-output>
          </reporter-output>
        </test-method> <!-- AfterMethodCongiguration -->
        <test-method is-config="true" signature="AfterClassConfiguration()[pri:0, instance:Practice.CreateVtigerScenarioWithDDT_GUTest@d737b89]" started-at="2023-08-23T11:07:18 IST" name="AfterClassConfiguration" finished-at="2023-08-23T11:07:18 IST" duration-ms="276" status="PASS">
          <reporter-output>
          </reporter-output>
        </test-method> <!-- AfterClassConfiguration -->
        <test-method is-config="true" signature="AfterSuiteConfiguration()[pri:0, instance:Practice.CreateVtigerScenarioWithDDT_GUTest@d737b89]" started-at="2023-08-23T11:07:18 IST" name="AfterSuiteConfiguration" finished-at="2023-08-23T11:07:18 IST" duration-ms="0" status="PASS">
          <reporter-output>
          </reporter-output>
        </test-method> <!-- AfterSuiteConfiguration -->
      </class> <!-- Practice.CreateVtigerScenarioWithDDT_GUTest -->
    </test> <!-- Test -->
  </suite> <!-- Suite -->
</testng-results>
